<?xml version="1.0" encoding="UTF-8"?>
<testsuite xmlns:xsi="http://www.w3.org/2001/XMLSchema-instance" xsi:noNamespaceSchemaLocation="https://maven.apache.org/surefire/maven-surefire-plugin/xsd/surefire-test-report.xsd" version="3.0.2" name="org.ecommerce.ECommerceManagementSystemApplicationTests" time="11.974" tests="1" errors="0" skipped="0" failures="0">
  <properties>
[...]
</properties>
  <testcase name="contextLoads" classname="org.ecommerce.ECommerceManagementSystemApplicationTests" time="0.953">
    <system-out><![CDATA[15:18:01.959 [main] INFO org.springframework.test.context.support.AnnotationConfigContextLoaderUtils -- Could not detect default configuration classes for test class [org.ecommerce.ECommerceManagementSystemApplicationTests]: ECommerceManagementSystemApplicationTests does not declare any static, non-private, non-final, nested classes annotated with @Configuration.
15:18:02.325 [main] INFO org.springframework.boot.test.context.SpringBootTestContextBootstrapper -- Found @SpringBootConfiguration org.ecommerce.ECommerceManagementSystemApplication for test class org.ecommerce.ECommerceManagementSystemApplicationTests

  .   ____          _            __ _ _
 /\\ / ___'_ __ _ _(_)_ __  __ _ \ \ \ \
( ( )\___ | '_ | '_| | '_ \/ _` | \ \ \ \
 \\/  ___)| |_)| | | | | || (_| |  ) ) ) )
  '  |____| .__|_| |_|_| |_\__, | / / / /
 =========|_|==============|___/=/_/_/_/

 :: Spring Boot ::                (v4.0.1)

2026-01-20T15:18:03.410+05:30  INFO 5880 --- [E-CommerceManagementSystem] [           main] CommerceManagementSystemApplicationTests : Starting ECommerceManagementSystemApplicationTests using Java 23.0.1 with PID 5880 (started by Rathlavath in D:\JAVA\Java Based Projects\E-CommerceManagementSystem)
2026-01-20T15:18:03.426+05:30  INFO 5880 --- [E-CommerceManagementSystem] [           main] CommerceManagementSystemApplicationTests : No active profile set, falling back to 1 default profile: "default"
2026-01-20T15:18:05.045+05:30  INFO 5880 --- [E-CommerceManagementSystem] [           main] .s.d.r.c.RepositoryConfigurationDelegate : Bootstrapping Spring Data JPA repositories in DEFAULT mode.
2026-01-20T15:18:05.089+05:30  INFO 5880 --- [E-CommerceManagementSystem] [           main] .s.d.r.c.RepositoryConfigurationDelegate : Finished Spring Data repository scanning in 23 ms. Found 0 JPA repository interfaces.
2026-01-20T15:18:05.959+05:30  INFO 5880 --- [E-CommerceManagementSystem] [           main] org.hibernate.orm.jpa                    : HHH008540: Processing PersistenceUnitInfo [name: default]
2026-01-20T15:18:06.092+05:30  INFO 5880 --- [E-CommerceManagementSystem] [           main] org.hibernate.orm.core                   : HHH000001: Hibernate ORM core version 7.2.0.Final
2026-01-20T15:18:07.159+05:30  INFO 5880 --- [E-CommerceManagementSystem] [           main] o.s.o.j.p.SpringPersistenceUnitInfo      : No LoadTimeWeaver setup: ignoring JPA class transformer
2026-01-20T15:18:07.239+05:30  INFO 5880 --- [E-CommerceManagementSystem] [           main] com.zaxxer.hikari.HikariDataSource       : HikariPool-1 - Starting...
2026-01-20T15:18:07.732+05:30  INFO 5880 --- [E-CommerceManagementSystem] [           main] com.zaxxer.hikari.pool.HikariPool        : HikariPool-1 - Added connection com.mysql.cj.jdbc.ConnectionImpl@49f2646
2026-01-20T15:18:07.732+05:30  INFO 5880 --- [E-CommerceManagementSystem] [           main] com.zaxxer.hikari.HikariDataSource       : HikariPool-1 - Start completed.
2026-01-20T15:18:07.998+05:30  INFO 5880 --- [E-CommerceManagementSystem] [           main] org.hibernate.orm.connections.pooling    : HHH10001005: Database info:
	Database JDBC URL [jdbc:mysql://localhost:3306/ecommerce_management_system?useSSL=false&serverTimezone=UTC]
	Database driver: MySQL Connector/J
	Database dialect: MySQLDialect
	Database version: 8.0.44
	Default catalog/schema: ecommerce_management_system/undefined
	Autocommit mode: undefined/unknown
	Isolation level: REPEATABLE_READ [default REPEATABLE_READ]
	JDBC fetch size: none
	Pool: DataSourceConnectionProvider
	Minimum pool size: undefined/unknown
	Maximum pool size: undefined/unknown
2026-01-20T15:18:10.303+05:30  INFO 5880 --- [E-CommerceManagementSystem] [           main] org.hibernate.orm.core                   : HHH000489: No JTA platform available (set 'hibernate.transaction.jta.platform' to enable JTA platform integration)
Hibernate: create table category (id bigint not null auto_increment, name varchar(255), primary key (id)) engine=InnoDB
Hibernate: create table product (id bigint not null auto_increment, description varchar(255), image_url varchar(255), name varchar(255), price float(53), primary key (id)) engine=InnoDB
Hibernate: create table product_category (product_id bigint not null, category_id bigint not null, primary key (product_id, category_id)) engine=InnoDB
Hibernate: alter table product_category add constraint FKkud35ls1d40wpjb5htpp14q4e foreign key (category_id) references category (id)
Hibernate: alter table product_category add constraint FK2k3smhbruedlcrvu6clued06x foreign key (product_id) references product (id)
2026-01-20T15:18:10.874+05:30  INFO 5880 --- [E-CommerceManagementSystem] [           main] j.LocalContainerEntityManagerFactoryBean : Initialized JPA EntityManagerFactory for persistence unit 'default'
2026-01-20T15:18:11.186+05:30  WARN 5880 --- [E-CommerceManagementSystem] [           main] JpaBaseConfiguration$JpaWebConfiguration : spring.jpa.open-in-view is enabled by default. Therefore, database queries may be performed during view rendering. Explicitly configure spring.jpa.open-in-view to disable this warning
2026-01-20T15:18:12.414+05:30  INFO 5880 --- [E-CommerceManagementSystem] [           main] CommerceManagementSystemApplicationTests : Started ECommerceManagementSystemApplicationTests in 9.738 seconds (process running for 12.76)
]]></system-out>
    <system-err><![CDATA[Mockito is currently self-attaching to enable the inline-mock-maker. This will no longer work in future releases of the JDK. Please add Mockito as an agent to your build as described in Mockito's documentation: https://javadoc.io/doc/org.mockito/mockito-core/latest/org.mockito/org/mockito/Mockito.html#0.3
WARNING: A Java agent has been loaded dynamically (C:\Users\Rathlavath\.m2\repository\net\bytebuddy\byte-buddy-agent\1.17.8\byte-buddy-agent-1.17.8.jar)
WARNING: If a serviceability tool is in use, please run with -XX:+EnableDynamicAgentLoading to hide this warning
WARNING: If a serviceability tool is not in use, please run with -Djdk.instrument.traceUsage for more information
WARNING: Dynamic loading of agents will be disallowed by default in a future release
]]></system-err>
  </testcase>
</testsuite>